<?xml version="1.0" encoding="UTF-8" standalone="yes" ?>
<test-results name="C:\MyRepository\ci-delphi-gitflow\test\Win32\Debug\GitActionLoginTest.exe" total="1" errors="0" failures="0" ignored="0" inconclusive="0" not-run="0" skipped="0" invalid="0" date="2022-02-17" time="0.001">
  <culture-info current-culture="en" current-uiculture="en" />
  <test-suite type="Assembly" name="GitActionLoginTest.exe" executed="true" result="Success" success="True" time="0.001" asserts="0">
    <results>
        <test-suite type="Namespace" name="GitActionLogin" executed="true" result="Success" success="True" time="0.001" asserts="0" >
          <results>
              <test-suite type="Fixture" name="TGitActionLoginTest" executed="True" result="Success" success="True" time="0.001" >
                <results>
                  <test-case name="Teste" executed="True" result="Success" success="True" time="0.000" asserts="0" />
                </results>
              </test-suite>
          </results>
        </test-suite>
    </results>
  </test-suite>
</test-results>
